Using pre-set license
Built from '2020.3/staging' branch; Version is '2020.3.20f1 (41c4e627c95f) revision 4310246'; Using compiler version '192528614'; Build Type 'Release'
OS: 'Windows 10 Pro; OS build 19042.1288; Version 2009; 64bit' Language: 'en' Physical Memory: 32685 MB
BatchMode: 1, IsHumanControllingUs: 0, StartBugReporterOnCrash: 0, Is64bit: 1, IsPro: 0

COMMAND LINE ARGUMENTS:
C:\Program Files\Unity\Hub\Editor\2020.3.20f1\Editor\Unity.exe
-adb2
-batchMode
-noUpm
-name
AssetImportWorker0
-projectPath
C:/Users/Ashley/Documents/REG/Week 5/week5
-logFile
Logs/AssetImportWorker0.log
-srvPort
56904
Successfully changed project path to: C:/Users/Ashley/Documents/REG/Week 5/week5
C:/Users/Ashley/Documents/REG/Week 5/week5
Using Asset Import Pipeline V2.
Refreshing native plugins compatible for Editor in 26.33 ms, found 2 plugins.
Preloading 0 native plugins for Editor in 0.00 ms.
Initialize engine version: 2020.3.20f1 (41c4e627c95f)
[Subsystems] Discovering subsystems at path C:/Program Files/Unity/Hub/Editor/2020.3.20f1/Editor/Data/Resources/UnitySubsystems
[Subsystems] Discovering subsystems at path C:/Users/Ashley/Documents/REG/Week 5/week5/Assets
GfxDevice: creating device client; threaded=0
Direct3D:
    Version:  Direct3D 11.0 [level 11.1]
    Renderer: NVIDIA GeForce GTX 1660 SUPER (ID=0x21c4)
    Vendor:   
    VRAM:     5991 MB
    Driver:   27.21.14.5751
Initialize mono
Mono path[0] = 'C:/Program Files/Unity/Hub/Editor/2020.3.20f1/Editor/Data/Managed'
Mono path[1] = 'C:/Program Files/Unity/Hub/Editor/2020.3.20f1/Editor/Data/MonoBleedingEdge/lib/mono/unityjit'
Mono config path = 'C:/Program Files/Unity/Hub/Editor/2020.3.20f1/Editor/Data/MonoBleedingEdge/etc'
Using monoOptions --debugger-agent=transport=dt_socket,embedding=1,server=y,suspend=n,address=127.0.0.1:56084
Begin MonoManager ReloadAssembly
Registering precompiled unity dll's ...
Register platform support module: C:/Program Files/Unity/Hub/Editor/2020.3.20f1/Editor/Data/PlaybackEngines/WindowsStandaloneSupport/UnityEditor.WindowsStandalone.Extensions.dll
Registered in 0.001644 seconds.
Native extension for WindowsStandalone target not found
Refreshing native plugins compatible for Editor in 25.96 ms, found 2 plugins.
Preloading 0 native plugins for Editor in 0.00 ms.
Mono: successfully reloaded assembly
- Completed reload, in  1.508 seconds
Domain Reload Profiling:
	ReloadAssembly (1508ms)
		BeginReloadAssembly (46ms)
			ExecutionOrderSort (0ms)
			DisableScriptedObjects (0ms)
			BackupInstance (0ms)
			ReleaseScriptingObjects (0ms)
			CreateAndSetChildDomain (1ms)
		EndReloadAssembly (360ms)
			LoadAssemblies (44ms)
			RebuildTransferFunctionScriptingTraits (0ms)
			SetupTypeCache (133ms)
			ReleaseScriptCaches (0ms)
			RebuildScriptCaches (26ms)
			SetupLoadedEditorAssemblies (138ms)
				LogAssemblyErrors (0ms)
				InitializePlatformSupportModulesInManaged (3ms)
				SetLoadedEditorAssemblies (0ms)
				RefreshPlugins (26ms)
				BeforeProcessingInitializeOnLoad (14ms)
				ProcessInitializeOnLoadAttributes (69ms)
				ProcessInitializeOnLoadMethodAttributes (25ms)
				AfterProcessingInitializeOnLoad (0ms)
				EditorAssembliesLoaded (0ms)
			ExecutionOrderSort2 (0ms)
			AwakeInstancesAfterBackupRestoration (0ms)
Platform modules already initialized, skipping
Registering precompiled user dll's ...
Registered in 0.002312 seconds.
Begin MonoManager ReloadAssembly
Native extension for WindowsStandalone target not found
Refreshing native plugins compatible for Editor in 0.25 ms, found 2 plugins.
Preloading 0 native plugins for Editor in 0.00 ms.
Mono: successfully reloaded assembly
- Completed reload, in  0.862 seconds
Domain Reload Profiling:
	ReloadAssembly (863ms)
		BeginReloadAssembly (125ms)
			ExecutionOrderSort (0ms)
			DisableScriptedObjects (4ms)
			BackupInstance (0ms)
			ReleaseScriptingObjects (0ms)
			CreateAndSetChildDomain (15ms)
		EndReloadAssembly (684ms)
			LoadAssemblies (71ms)
			RebuildTransferFunctionScriptingTraits (0ms)
			SetupTypeCache (232ms)
			ReleaseScriptCaches (0ms)
			RebuildScriptCaches (36ms)
			SetupLoadedEditorAssemblies (259ms)
				LogAssemblyErrors (0ms)
				InitializePlatformSupportModulesInManaged (4ms)
				SetLoadedEditorAssemblies (0ms)
				RefreshPlugins (0ms)
				BeforeProcessingInitializeOnLoad (67ms)
				ProcessInitializeOnLoadAttributes (178ms)
				ProcessInitializeOnLoadMethodAttributes (4ms)
				AfterProcessingInitializeOnLoad (5ms)
				EditorAssembliesLoaded (0ms)
			ExecutionOrderSort2 (0ms)
			AwakeInstancesAfterBackupRestoration (6ms)
Platform modules already initialized, skipping
========================================================================
Worker process is ready to serve import requests
Launched and connected shader compiler UnityShaderCompiler.exe after 0.05 seconds
Refreshing native plugins compatible for Editor in 0.25 ms, found 2 plugins.
Preloading 0 native plugins for Editor in 0.00 ms.
Unloading 1408 Unused Serialized files (Serialized files now loaded: 0)
System memory in use before: 66.1 MB.
System memory in use after: 66.1 MB.

Unloading 16 unused Assets to reduce memory usage. Loaded Objects now: 1844.
Total: 2.453700 ms (FindLiveObjects: 0.122400 ms CreateObjectMapping: 0.042500 ms MarkObjects: 2.235300 ms  DeleteObjects: 0.052600 ms)

AssetImportParameters requested are different than current active one (requested -> active):
  custom:framework-win-MediaFoundation: 216162199b28c13a410421893ffa2e32 -> 
  custom:video-decoder-ogg-theora: a1e56fd34408186e4bbccfd4996cb3dc -> 
  custom:container-muxer-webm: aa71ff27fc2769a1b78a27578f13a17b -> 
  custom:container-demuxer-webm: 4f35f7cbe854078d1ac9338744f61a02 -> 
  custom:container-demuxer-ogg: 62fdf1f143b41e24485cea50d1cbac27 -> 
  custom:video-encoder-webm-vp8: eb34c28f22e8b96e1ab97ce403110664 -> 
  custom:video-decoder-webm-vp8: 9c59270c3fd7afecdb556c50c9e8de78 -> 
  custom:audio-decoder-ogg-vorbis: bf7c407c2cedff20999df2af8eb42d56 -> 
  custom:audio-encoder-webm-vorbis: bf7c407c2cedff20999df2af8eb42d56 -> 
========================================================================
Received Import Request.
  path: Assets/Materials/Blue.mat
  artifactKey: Guid(743be1e238995ac40af2e31ce2c60ce2) Importer(815301076,1909f56bfc062723c751e8b465ee728b)
Start importing Assets/Materials/Blue.mat using Guid(743be1e238995ac40af2e31ce2c60ce2) Importer(815301076,1909f56bfc062723c751e8b465ee728b)  -> (artifact id: '8a94f5af3d879b3890413133d9907383') in 0.144922 seconds 
  Import took 0.146906 seconds .

========================================================================
Received Import Request.
  Time since last request: 0.000198 seconds.
  path: Assets/Materials/Green.mat
  artifactKey: Guid(e97707e7f57a33744ace491dd9625b91) Importer(815301076,1909f56bfc062723c751e8b465ee728b)
Start importing Assets/Materials/Green.mat using Guid(e97707e7f57a33744ace491dd9625b91) Importer(815301076,1909f56bfc062723c751e8b465ee728b)  -> (artifact id: '61cbcf36aadb13c2deb0876515f1ba71') in 0.017084 seconds 
  Import took 0.019331 seconds .

========================================================================
Received Import Request.
  Time since last request: 0.000170 seconds.
  path: Assets/Materials/Dark Gray.mat
  artifactKey: Guid(f79a9a52225bb1c4ba6cba5f90d89386) Importer(815301076,1909f56bfc062723c751e8b465ee728b)
Start importing Assets/Materials/Dark Gray.mat using Guid(f79a9a52225bb1c4ba6cba5f90d89386) Importer(815301076,1909f56bfc062723c751e8b465ee728b)  -> (artifact id: 'dc002af771cd4d25f5d861dd83d24ca2') in 0.015943 seconds 
  Import took 0.018177 seconds .

========================================================================
Received Import Request.
  Time since last request: 0.000161 seconds.
  path: Assets/Materials/Red.mat
  artifactKey: Guid(fb8287899ac42604498b39978357eb36) Importer(815301076,1909f56bfc062723c751e8b465ee728b)
Start importing Assets/Materials/Red.mat using Guid(fb8287899ac42604498b39978357eb36) Importer(815301076,1909f56bfc062723c751e8b465ee728b)  -> (artifact id: '22cf1f3ba977cdc7134ef2c1c476a0d1') in 0.016092 seconds 
  Import took 0.018387 seconds .

========================================================================
Received Import Request.
  Time since last request: 0.000226 seconds.
  path: Assets/Materials/Skybox.mat
  artifactKey: Guid(de704886843003542a330295253ddeaa) Importer(815301076,1909f56bfc062723c751e8b465ee728b)
Start importing Assets/Materials/Skybox.mat using Guid(de704886843003542a330295253ddeaa) Importer(815301076,1909f56bfc062723c751e8b465ee728b)  -> (artifact id: 'c450d807540bfbf0ba758312aa6605ad') in 0.086729 seconds 
  Import took 0.088816 seconds .

========================================================================
Received Import Request.
  Time since last request: 0.000247 seconds.
  path: Assets/Materials/Yellow.mat
  artifactKey: Guid(ead1becb9240ccc43919e0f71cf7f962) Importer(815301076,1909f56bfc062723c751e8b465ee728b)
Start importing Assets/Materials/Yellow.mat using Guid(ead1becb9240ccc43919e0f71cf7f962) Importer(815301076,1909f56bfc062723c751e8b465ee728b)  -> (artifact id: '4960df83e5724256cea23e1674114831') in 0.027435 seconds 
  Import took 0.029313 seconds .

========================================================================
Received Import Request.
  Time since last request: 0.000171 seconds.
  path: Assets/Materials/Light Gray.mat
  artifactKey: Guid(df9a9ba4f6c311145beb577f755135f2) Importer(815301076,1909f56bfc062723c751e8b465ee728b)
Start importing Assets/Materials/Light Gray.mat using Guid(df9a9ba4f6c311145beb577f755135f2) Importer(815301076,1909f56bfc062723c751e8b465ee728b)  -> (artifact id: '27aad08e6c0c9c7c1a5ebbb96c12f038') in 0.009606 seconds 
  Import took 0.011823 seconds .

========================================================================
Received Import Request.
  Time since last request: 6.269236 seconds.
  path: Assets/Materials
  artifactKey: Guid(6cf90d2c354a12e49b8c1626da434006) Importer(815301076,1909f56bfc062723c751e8b465ee728b)
Start importing Assets/Materials using Guid(6cf90d2c354a12e49b8c1626da434006) Importer(815301076,1909f56bfc062723c751e8b465ee728b)  -> (artifact id: 'bd060fe1e8fb7c57fde9a2b0011e9be9') in 0.004684 seconds 
  Import took 0.006692 seconds .

========================================================================
Received Import Request.
  Time since last request: 14.352603 seconds.
  path: Assets/Materials/Platform.mat
  artifactKey: Guid(7c566d020a20e2642b21938c020e71a1) Importer(815301076,1909f56bfc062723c751e8b465ee728b)
Start importing Assets/Materials/Platform.mat using Guid(7c566d020a20e2642b21938c020e71a1) Importer(815301076,1909f56bfc062723c751e8b465ee728b)  -> (artifact id: '8b2daf7e3ab696b99a9854308f479f08') in 0.014215 seconds 
  Import took 0.016162 seconds .

========================================================================
Received Import Request.
  Time since last request: 291.362737 seconds.
  path: Assets/GreetBot_Models/robot-playground_byHadrien59/textures/bot_sg_albedo.jpg
  artifactKey: Guid(9c4421cd89661384f8d271d1df9f5459) Importer(815301076,1909f56bfc062723c751e8b465ee728b)
Start importing Assets/GreetBot_Models/robot-playground_byHadrien59/textures/bot_sg_albedo.jpg using Guid(9c4421cd89661384f8d271d1df9f5459) Importer(815301076,1909f56bfc062723c751e8b465ee728b)  -> (artifact id: '9e42e42be0d25ed635a4462a27506b44') in 0.022040 seconds 
  Import took 0.024185 seconds .

========================================================================
Received Import Request.
  Time since last request: 0.000139 seconds.
  path: Assets/Michelle/Ch03_1001_Glossiness.png
  artifactKey: Guid(35e0a3ae107819c44ad72cd9d0c8a32e) Importer(815301076,1909f56bfc062723c751e8b465ee728b)
Start importing Assets/Michelle/Ch03_1001_Glossiness.png using Guid(35e0a3ae107819c44ad72cd9d0c8a32e) Importer(815301076,1909f56bfc062723c751e8b465ee728b)  -> (artifact id: '07267c44428e729a116ecacf0f38bce6') in 0.026114 seconds 
  Import took 0.028157 seconds .

========================================================================
Received Import Request.
  Time since last request: 0.000137 seconds.
  path: Assets/GreetBot_Models/robot-playground_byHadrien59/textures/holo_sg_albedo.jpg
  artifactKey: Guid(46875dd4bc9cf834bbbeaa3dfb38e533) Importer(815301076,1909f56bfc062723c751e8b465ee728b)
Start importing Assets/GreetBot_Models/robot-playground_byHadrien59/textures/holo_sg_albedo.jpg using Guid(46875dd4bc9cf834bbbeaa3dfb38e533) Importer(815301076,1909f56bfc062723c751e8b465ee728b)  -> (artifact id: '3b703af875589eef4268c009b618f7aa') in 0.019937 seconds 
  Import took 0.021923 seconds .

========================================================================
Received Import Request.
  Time since last request: 0.000134 seconds.
  path: Assets/Michelle/Ch03_1001_Diffuse.png
  artifactKey: Guid(3fb2101dbe90f514db3388bf52fed412) Importer(815301076,1909f56bfc062723c751e8b465ee728b)
Start importing Assets/Michelle/Ch03_1001_Diffuse.png using Guid(3fb2101dbe90f514db3388bf52fed412) Importer(815301076,1909f56bfc062723c751e8b465ee728b)  -> (artifact id: '9e38a771ba4f2123f69f184d3237e1bc') in 0.016493 seconds 
  Import took 0.018407 seconds .

========================================================================
Received Import Request.
  Time since last request: 0.000117 seconds.
  path: Assets/GreetBot_Models/robot-playground_byHadrien59/textures/holo_sg_emissive.jpg
  artifactKey: Guid(df174ae20baaa1443a1b67b4a319bb4a) Importer(815301076,1909f56bfc062723c751e8b465ee728b)
Start importing Assets/GreetBot_Models/robot-playground_byHadrien59/textures/holo_sg_emissive.jpg using Guid(df174ae20baaa1443a1b67b4a319bb4a) Importer(815301076,1909f56bfc062723c751e8b465ee728b)  -> (artifact id: '4566aa1c5c142875b64a4280060c4517') in 0.009274 seconds 
  Import took 0.011314 seconds .

========================================================================
Received Import Request.
  Time since last request: 0.000124 seconds.
  path: Assets/GreetBot_Models/robot-playground_byHadrien59/textures/bot_sg_emissive.jpg
  artifactKey: Guid(bd4eca97406f45040ae33fb1e5a0c4b5) Importer(815301076,1909f56bfc062723c751e8b465ee728b)
Start importing Assets/GreetBot_Models/robot-playground_byHadrien59/textures/bot_sg_emissive.jpg using Guid(bd4eca97406f45040ae33fb1e5a0c4b5) Importer(815301076,1909f56bfc062723c751e8b465ee728b)  -> (artifact id: '4aecb59e91d21401cd4f2938f980d5b1') in 0.010162 seconds 
  Import took 0.012022 seconds .

========================================================================
Received Import Request.
  Time since last request: 0.000121 seconds.
  path: Assets/GreetBot_Models/robot-playground_byHadrien59/textures/bot_sg_metallic.jpg
  artifactKey: Guid(2ce370d169893b84a86f09d34dce225d) Importer(815301076,1909f56bfc062723c751e8b465ee728b)
Start importing Assets/GreetBot_Models/robot-playground_byHadrien59/textures/bot_sg_metallic.jpg using Guid(2ce370d169893b84a86f09d34dce225d) Importer(815301076,1909f56bfc062723c751e8b465ee728b)  -> (artifact id: '089adec6c80c2e7294dc4a918f1a0aa3') in 0.019000 seconds 
  Import took 0.020908 seconds .

========================================================================
Received Import Request.
  Time since last request: 0.000131 seconds.
  path: Assets/Michelle/Ch03_1001_Normal.png
  artifactKey: Guid(0373e4952ead020419506d4e838accd3) Importer(815301076,1909f56bfc062723c751e8b465ee728b)
Start importing Assets/Michelle/Ch03_1001_Normal.png using Guid(0373e4952ead020419506d4e838accd3) Importer(815301076,1909f56bfc062723c751e8b465ee728b)  -> (artifact id: '5e0efa2c32418b84c79a23c065baff5f') in 0.033485 seconds 
  Import took 0.035437 seconds .

========================================================================
Received Import Request.
  Time since last request: 1.346651 seconds.
  path: Assets/_Scenes/Main/ReflectionProbe-0.exr
  artifactKey: Guid(94c277a4e1ee2b240bf08a86abfb503e) Importer(815301076,1909f56bfc062723c751e8b465ee728b)
Start importing Assets/_Scenes/Main/ReflectionProbe-0.exr using Guid(94c277a4e1ee2b240bf08a86abfb503e) Importer(815301076,1909f56bfc062723c751e8b465ee728b)  -> (artifact id: 'e4c7359bc42ced751c54f663393c1673') in 0.030104 seconds 
  Import took 0.032087 seconds .

========================================================================
Received Import Request.
  Time since last request: 193.296435 seconds.
  path: Assets/Scripts/MaterialPulse.cs
  artifactKey: Guid(9f2e6b066be4ad54f8927a3ee0bf95f9) Importer(815301076,1909f56bfc062723c751e8b465ee728b)
Start importing Assets/Scripts/MaterialPulse.cs using Guid(9f2e6b066be4ad54f8927a3ee0bf95f9) Importer(815301076,1909f56bfc062723c751e8b465ee728b)  -> (artifact id: 'e8b030f448d336d0afcc90be6617697a') in 0.007442 seconds 
  Import took 0.009582 seconds .

========================================================================
Received Prepare
Registering precompiled user dll's ...
Registered in 0.002201 seconds.
Begin MonoManager ReloadAssembly
Native extension for WindowsStandalone target not found
Refreshing native plugins compatible for Editor in 0.26 ms, found 2 plugins.
Preloading 0 native plugins for Editor in 0.00 ms.
Mono: successfully reloaded assembly
- Completed reload, in  0.817 seconds
Domain Reload Profiling:
	ReloadAssembly (817ms)
		BeginReloadAssembly (102ms)
			ExecutionOrderSort (0ms)
			DisableScriptedObjects (4ms)
			BackupInstance (0ms)
			ReleaseScriptingObjects (0ms)
			CreateAndSetChildDomain (27ms)
		EndReloadAssembly (660ms)
			LoadAssemblies (71ms)
			RebuildTransferFunctionScriptingTraits (0ms)
			SetupTypeCache (232ms)
			ReleaseScriptCaches (1ms)
			RebuildScriptCaches (32ms)
			SetupLoadedEditorAssemblies (239ms)
				LogAssemblyErrors (0ms)
				InitializePlatformSupportModulesInManaged (4ms)
				SetLoadedEditorAssemblies (0ms)
				RefreshPlugins (0ms)
				BeforeProcessingInitializeOnLoad (61ms)
				ProcessInitializeOnLoadAttributes (164ms)
				ProcessInitializeOnLoadMethodAttributes (3ms)
				AfterProcessingInitializeOnLoad (6ms)
				EditorAssembliesLoaded (0ms)
			ExecutionOrderSort2 (0ms)
			AwakeInstancesAfterBackupRestoration (6ms)
Platform modules already initialized, skipping
Refreshing native plugins compatible for Editor in 0.26 ms, found 2 plugins.
Preloading 0 native plugins for Editor in 0.00 ms.
Unloading 1401 Unused Serialized files (Serialized files now loaded: 0)
System memory in use before: 69.1 MB.
System memory in use after: 69.2 MB.

Unloading 11 unused Assets to reduce memory usage. Loaded Objects now: 1892.
Total: 2.284400 ms (FindLiveObjects: 0.145200 ms CreateObjectMapping: 0.043600 ms MarkObjects: 2.081700 ms  DeleteObjects: 0.013100 ms)

AssetImportParameters requested are different than current active one (requested -> active):
  custom:framework-win-MediaFoundation: 216162199b28c13a410421893ffa2e32 -> 
  custom:video-decoder-ogg-theora: a1e56fd34408186e4bbccfd4996cb3dc -> 
  custom:container-muxer-webm: aa71ff27fc2769a1b78a27578f13a17b -> 
  custom:container-demuxer-webm: 4f35f7cbe854078d1ac9338744f61a02 -> 
  custom:container-demuxer-ogg: 62fdf1f143b41e24485cea50d1cbac27 -> 
  custom:video-encoder-webm-vp8: eb34c28f22e8b96e1ab97ce403110664 -> 
  custom:video-decoder-webm-vp8: 9c59270c3fd7afecdb556c50c9e8de78 -> 
  custom:audio-decoder-ogg-vorbis: bf7c407c2cedff20999df2af8eb42d56 -> 
  custom:audio-encoder-webm-vorbis: bf7c407c2cedff20999df2af8eb42d56 -> 
========================================================================
Received Import Request.
  Time since last request: 624.473299 seconds.
  path: Assets/Scripts/MaterialPulse.cs
  artifactKey: Guid(9f2e6b066be4ad54f8927a3ee0bf95f9) Importer(815301076,1909f56bfc062723c751e8b465ee728b)
Start importing Assets/Scripts/MaterialPulse.cs using Guid(9f2e6b066be4ad54f8927a3ee0bf95f9) Importer(815301076,1909f56bfc062723c751e8b465ee728b)  -> (artifact id: 'd1370a9dd45ffe28f30f1b80a5a721da') in 0.004466 seconds 
  Import took 0.006805 seconds .

========================================================================
Received Import Request.
  Time since last request: 100.413174 seconds.
  path: Assets/Scripts/MaterialPulse.cs
  artifactKey: Guid(9f2e6b066be4ad54f8927a3ee0bf95f9) Importer(815301076,1909f56bfc062723c751e8b465ee728b)
Start importing Assets/Scripts/MaterialPulse.cs using Guid(9f2e6b066be4ad54f8927a3ee0bf95f9) Importer(815301076,1909f56bfc062723c751e8b465ee728b)  -> (artifact id: 'f6a17ddf3c28d9d3146aae43f170fa13') in 0.001688 seconds 
  Import took 0.003637 seconds .

========================================================================
Received Import Request.
  Time since last request: 14.306549 seconds.
  path: Assets/Scripts/MaterialPulse.cs
  artifactKey: Guid(9f2e6b066be4ad54f8927a3ee0bf95f9) Importer(815301076,1909f56bfc062723c751e8b465ee728b)
Start importing Assets/Scripts/MaterialPulse.cs using Guid(9f2e6b066be4ad54f8927a3ee0bf95f9) Importer(815301076,1909f56bfc062723c751e8b465ee728b)  -> (artifact id: '96f2fcdce81238f3a74d45299dac76b4') in 0.002009 seconds 
  Import took 0.004003 seconds .

========================================================================
Received Import Request.
  Time since last request: 72.655036 seconds.
  path: Assets/Scripts/MaterialPulse.cs
  artifactKey: Guid(9f2e6b066be4ad54f8927a3ee0bf95f9) Importer(815301076,1909f56bfc062723c751e8b465ee728b)
Start importing Assets/Scripts/MaterialPulse.cs using Guid(9f2e6b066be4ad54f8927a3ee0bf95f9) Importer(815301076,1909f56bfc062723c751e8b465ee728b)  -> (artifact id: 'd9ba631865dec09e55e844fda1a8da0d') in 0.001546 seconds 
  Import took 0.003652 seconds .

========================================================================
Received Import Request.
  Time since last request: 41.918529 seconds.
  path: Assets/Scripts/MaterialPulse.cs
  artifactKey: Guid(9f2e6b066be4ad54f8927a3ee0bf95f9) Importer(815301076,1909f56bfc062723c751e8b465ee728b)
Start importing Assets/Scripts/MaterialPulse.cs using Guid(9f2e6b066be4ad54f8927a3ee0bf95f9) Importer(815301076,1909f56bfc062723c751e8b465ee728b)  -> (artifact id: '909a13915a26579c55699357c7e0f3d0') in 0.001578 seconds 
  Import took 0.003589 seconds .

========================================================================
Received Import Request.
  Time since last request: 230.426362 seconds.
  path: Assets/Scripts/MaterialPulse.cs
  artifactKey: Guid(9f2e6b066be4ad54f8927a3ee0bf95f9) Importer(815301076,1909f56bfc062723c751e8b465ee728b)
Start importing Assets/Scripts/MaterialPulse.cs using Guid(9f2e6b066be4ad54f8927a3ee0bf95f9) Importer(815301076,1909f56bfc062723c751e8b465ee728b)  -> (artifact id: 'e8b3f18648e59715f7401f13e46ecf9b') in 0.001547 seconds 
  Import took 0.003727 seconds .

========================================================================
Received Prepare
Registering precompiled user dll's ...
Registered in 0.002229 seconds.
Begin MonoManager ReloadAssembly
Native extension for WindowsStandalone target not found
Refreshing native plugins compatible for Editor in 0.38 ms, found 2 plugins.
Preloading 0 native plugins for Editor in 0.00 ms.
Mono: successfully reloaded assembly
- Completed reload, in  0.820 seconds
Domain Reload Profiling:
	ReloadAssembly (821ms)
		BeginReloadAssembly (101ms)
			ExecutionOrderSort (0ms)
			DisableScriptedObjects (4ms)
			BackupInstance (0ms)
			ReleaseScriptingObjects (0ms)
			CreateAndSetChildDomain (27ms)
		EndReloadAssembly (666ms)
			LoadAssemblies (71ms)
			RebuildTransferFunctionScriptingTraits (0ms)
			SetupTypeCache (233ms)
			ReleaseScriptCaches (1ms)
			RebuildScriptCaches (32ms)
			SetupLoadedEditorAssemblies (247ms)
				LogAssemblyErrors (0ms)
				InitializePlatformSupportModulesInManaged (5ms)
				SetLoadedEditorAssemblies (0ms)
				RefreshPlugins (0ms)
				BeforeProcessingInitializeOnLoad (65ms)
				ProcessInitializeOnLoadAttributes (166ms)
				ProcessInitializeOnLoadMethodAttributes (3ms)
				AfterProcessingInitializeOnLoad (6ms)
				EditorAssembliesLoaded (0ms)
			ExecutionOrderSort2 (0ms)
			AwakeInstancesAfterBackupRestoration (7ms)
Platform modules already initialized, skipping
Refreshing native plugins compatible for Editor in 0.26 ms, found 2 plugins.
Preloading 0 native plugins for Editor in 0.00 ms.
Unloading 1401 Unused Serialized files (Serialized files now loaded: 0)
System memory in use before: 69.1 MB.
System memory in use after: 69.2 MB.

Unloading 11 unused Assets to reduce memory usage. Loaded Objects now: 1894.
Total: 2.609000 ms (FindLiveObjects: 0.131700 ms CreateObjectMapping: 0.038500 ms MarkObjects: 2.420700 ms  DeleteObjects: 0.017100 ms)

AssetImportParameters requested are different than current active one (requested -> active):
  custom:framework-win-MediaFoundation: 216162199b28c13a410421893ffa2e32 -> 
  custom:video-decoder-ogg-theora: a1e56fd34408186e4bbccfd4996cb3dc -> 
  custom:container-muxer-webm: aa71ff27fc2769a1b78a27578f13a17b -> 
  custom:container-demuxer-webm: 4f35f7cbe854078d1ac9338744f61a02 -> 
  custom:container-demuxer-ogg: 62fdf1f143b41e24485cea50d1cbac27 -> 
  custom:video-encoder-webm-vp8: eb34c28f22e8b96e1ab97ce403110664 -> 
  custom:video-decoder-webm-vp8: 9c59270c3fd7afecdb556c50c9e8de78 -> 
  custom:audio-decoder-ogg-vorbis: bf7c407c2cedff20999df2af8eb42d56 -> 
  custom:audio-encoder-webm-vorbis: bf7c407c2cedff20999df2af8eb42d56 -> 
========================================================================
Received Prepare
Registering precompiled user dll's ...
Registered in 0.002370 seconds.
Begin MonoManager ReloadAssembly
Native extension for WindowsStandalone target not found
Refreshing native plugins compatible for Editor in 0.25 ms, found 2 plugins.
Preloading 0 native plugins for Editor in 0.00 ms.
Mono: successfully reloaded assembly
- Completed reload, in  0.797 seconds
Domain Reload Profiling:
	ReloadAssembly (798ms)
		BeginReloadAssembly (88ms)
			ExecutionOrderSort (0ms)
			DisableScriptedObjects (4ms)
			BackupInstance (0ms)
			ReleaseScriptingObjects (0ms)
			CreateAndSetChildDomain (24ms)
		EndReloadAssembly (656ms)
			LoadAssemblies (73ms)
			RebuildTransferFunctionScriptingTraits (0ms)
			SetupTypeCache (225ms)
			ReleaseScriptCaches (1ms)
			RebuildScriptCaches (32ms)
			SetupLoadedEditorAssemblies (241ms)
				LogAssemblyErrors (0ms)
				InitializePlatformSupportModulesInManaged (4ms)
				SetLoadedEditorAssemblies (0ms)
				RefreshPlugins (0ms)
				BeforeProcessingInitializeOnLoad (63ms)
				ProcessInitializeOnLoadAttributes (164ms)
				ProcessInitializeOnLoadMethodAttributes (3ms)
				AfterProcessingInitializeOnLoad (6ms)
				EditorAssembliesLoaded (0ms)
			ExecutionOrderSort2 (0ms)
			AwakeInstancesAfterBackupRestoration (6ms)
Platform modules already initialized, skipping
Refreshing native plugins compatible for Editor in 0.27 ms, found 2 plugins.
Preloading 0 native plugins for Editor in 0.00 ms.
Unloading 1401 Unused Serialized files (Serialized files now loaded: 0)
System memory in use before: 69.2 MB.
System memory in use after: 69.3 MB.

Unloading 11 unused Assets to reduce memory usage. Loaded Objects now: 1896.
Total: 2.268100 ms (FindLiveObjects: 0.123700 ms CreateObjectMapping: 0.041100 ms MarkObjects: 2.088600 ms  DeleteObjects: 0.013800 ms)

AssetImportParameters requested are different than current active one (requested -> active):
  custom:framework-win-MediaFoundation: 216162199b28c13a410421893ffa2e32 -> 
  custom:video-decoder-ogg-theora: a1e56fd34408186e4bbccfd4996cb3dc -> 
  custom:container-muxer-webm: aa71ff27fc2769a1b78a27578f13a17b -> 
  custom:container-demuxer-webm: 4f35f7cbe854078d1ac9338744f61a02 -> 
  custom:container-demuxer-ogg: 62fdf1f143b41e24485cea50d1cbac27 -> 
  custom:video-encoder-webm-vp8: eb34c28f22e8b96e1ab97ce403110664 -> 
  custom:video-decoder-webm-vp8: 9c59270c3fd7afecdb556c50c9e8de78 -> 
  custom:audio-decoder-ogg-vorbis: bf7c407c2cedff20999df2af8eb42d56 -> 
  custom:audio-encoder-webm-vorbis: bf7c407c2cedff20999df2af8eb42d56 -> 
========================================================================
Received Prepare
Registering precompiled user dll's ...
Registered in 0.002168 seconds.
Begin MonoManager ReloadAssembly
Native extension for WindowsStandalone target not found
Refreshing native plugins compatible for Editor in 0.25 ms, found 2 plugins.
Preloading 0 native plugins for Editor in 0.00 ms.
Mono: successfully reloaded assembly
- Completed reload, in  0.828 seconds
Domain Reload Profiling:
	ReloadAssembly (829ms)
		BeginReloadAssembly (93ms)
			ExecutionOrderSort (0ms)
			DisableScriptedObjects (5ms)
			BackupInstance (0ms)
			ReleaseScriptingObjects (0ms)
			CreateAndSetChildDomain (27ms)
		EndReloadAssembly (677ms)
			LoadAssemblies (72ms)
			RebuildTransferFunctionScriptingTraits (0ms)
			SetupTypeCache (243ms)
			ReleaseScriptCaches (1ms)
			RebuildScriptCaches (32ms)
			SetupLoadedEditorAssemblies (247ms)
				LogAssemblyErrors (0ms)
				InitializePlatformSupportModulesInManaged (4ms)
				SetLoadedEditorAssemblies (0ms)
				RefreshPlugins (0ms)
				BeforeProcessingInitializeOnLoad (62ms)
				ProcessInitializeOnLoadAttributes (170ms)
				ProcessInitializeOnLoadMethodAttributes (3ms)
				AfterProcessingInitializeOnLoad (6ms)
				EditorAssembliesLoaded (0ms)
			ExecutionOrderSort2 (0ms)
			AwakeInstancesAfterBackupRestoration (6ms)
Platform modules already initialized, skipping
Refreshing native plugins compatible for Editor in 0.27 ms, found 2 plugins.
Preloading 0 native plugins for Editor in 0.00 ms.
Unloading 1401 Unused Serialized files (Serialized files now loaded: 0)
System memory in use before: 69.2 MB.
System memory in use after: 69.3 MB.

Unloading 11 unused Assets to reduce memory usage. Loaded Objects now: 1898.
Total: 2.286400 ms (FindLiveObjects: 0.149400 ms CreateObjectMapping: 0.067700 ms MarkObjects: 2.056500 ms  DeleteObjects: 0.011900 ms)

AssetImportParameters requested are different than current active one (requested -> active):
  custom:framework-win-MediaFoundation: 216162199b28c13a410421893ffa2e32 -> 
  custom:video-decoder-ogg-theora: a1e56fd34408186e4bbccfd4996cb3dc -> 
  custom:container-muxer-webm: aa71ff27fc2769a1b78a27578f13a17b -> 
  custom:container-demuxer-webm: 4f35f7cbe854078d1ac9338744f61a02 -> 
  custom:container-demuxer-ogg: 62fdf1f143b41e24485cea50d1cbac27 -> 
  custom:video-encoder-webm-vp8: eb34c28f22e8b96e1ab97ce403110664 -> 
  custom:video-decoder-webm-vp8: 9c59270c3fd7afecdb556c50c9e8de78 -> 
  custom:audio-decoder-ogg-vorbis: bf7c407c2cedff20999df2af8eb42d56 -> 
  custom:audio-encoder-webm-vorbis: bf7c407c2cedff20999df2af8eb42d56 -> 
========================================================================
Received Prepare
Registering precompiled user dll's ...
Registered in 0.002267 seconds.
Begin MonoManager ReloadAssembly
Native extension for WindowsStandalone target not found
Refreshing native plugins compatible for Editor in 0.26 ms, found 2 plugins.
Preloading 0 native plugins for Editor in 0.00 ms.
Mono: successfully reloaded assembly
- Completed reload, in  0.838 seconds
Domain Reload Profiling:
	ReloadAssembly (838ms)
		BeginReloadAssembly (99ms)
			ExecutionOrderSort (0ms)
			DisableScriptedObjects (4ms)
			BackupInstance (0ms)
			ReleaseScriptingObjects (0ms)
			CreateAndSetChildDomain (24ms)
		EndReloadAssembly (685ms)
			LoadAssemblies (69ms)
			RebuildTransferFunctionScriptingTraits (0ms)
			SetupTypeCache (225ms)
			ReleaseScriptCaches (1ms)
			RebuildScriptCaches (32ms)
			SetupLoadedEditorAssemblies (261ms)
				LogAssemblyErrors (0ms)
				InitializePlatformSupportModulesInManaged (4ms)
				SetLoadedEditorAssemblies (0ms)
				RefreshPlugins (0ms)
				BeforeProcessingInitializeOnLoad (83ms)
				ProcessInitializeOnLoadAttributes (164ms)
				ProcessInitializeOnLoadMethodAttributes (3ms)
				AfterProcessingInitializeOnLoad (5ms)
				EditorAssembliesLoaded (0ms)
			ExecutionOrderSort2 (0ms)
			AwakeInstancesAfterBackupRestoration (6ms)
Platform modules already initialized, skipping
Refreshing native plugins compatible for Editor in 0.26 ms, found 2 plugins.
Preloading 0 native plugins for Editor in 0.00 ms.
Unloading 1401 Unused Serialized files (Serialized files now loaded: 0)
System memory in use before: 69.2 MB.
System memory in use after: 69.3 MB.

Unloading 11 unused Assets to reduce memory usage. Loaded Objects now: 1900.
Total: 2.515500 ms (FindLiveObjects: 0.182700 ms CreateObjectMapping: 0.049800 ms MarkObjects: 2.266000 ms  DeleteObjects: 0.015600 ms)

AssetImportParameters requested are different than current active one (requested -> active):
  custom:framework-win-MediaFoundation: 216162199b28c13a410421893ffa2e32 -> 
  custom:video-decoder-ogg-theora: a1e56fd34408186e4bbccfd4996cb3dc -> 
  custom:container-muxer-webm: aa71ff27fc2769a1b78a27578f13a17b -> 
  custom:container-demuxer-webm: 4f35f7cbe854078d1ac9338744f61a02 -> 
  custom:container-demuxer-ogg: 62fdf1f143b41e24485cea50d1cbac27 -> 
  custom:video-encoder-webm-vp8: eb34c28f22e8b96e1ab97ce403110664 -> 
  custom:video-decoder-webm-vp8: 9c59270c3fd7afecdb556c50c9e8de78 -> 
  custom:audio-decoder-ogg-vorbis: bf7c407c2cedff20999df2af8eb42d56 -> 
  custom:audio-encoder-webm-vorbis: bf7c407c2cedff20999df2af8eb42d56 -> 
AssetImportWorkerClient::OnTransportError - code=2 error=End of file
